
> rest-express@1.0.0 dev
> cross-env NODE_ENV=development tsx server/index.ts

node.exe : C:\Users\MASTER\Downloads\PromoEngine\PromoEngi
ne\server\db.ts:9
At C:\Program Files\nodejs\npm.ps1:29 char:3
+   & $NODE_EXE $NPM_CLI_JS $args
+   ~~~~~~~~~~~~~~~~~~~~~~~~~~~~~
    + CategoryInfo          : NotSpecified: (C:\Users\MAS 
   TER...\server\db.ts:9:String) [], RemoteException
    + FullyQualifiedErrorId : NativeCommandError
 
  throw new Error(
        ^


Error: DATABASE_URL must be set. Did you forget to 
provision a database?
    at <anonymous> (C:\Users\MASTER\Downloads\PromoEngine\
PromoEngine\server\db.ts:9:9)
    at ModuleJob.run 
(node:internal/modules/esm/module_job:274:25)
    at async onImport.tracePromise.__proto__ 
(node:internal/modules/esm/loader:644:26)
    at async asyncRunEntryPointWithESMLoader 
(node:internal/modules/run_main:116:5)

Node.js v22.15.0
